#
# A fatal error has been detected by the Java Runtime Environment:
#
#  SIGSEGV (0xb) at pc=0x000000010c164ab6, pid=1212, tid=775
#
# JRE version: Java(TM) SE Runtime Environment (8.0_45-b14) (build 1.8.0_45-b14)
# Java VM: Java HotSpot(TM) 64-Bit Server VM (25.45-b02 mixed mode bsd-amd64 compressed oops)
# Problematic frame:
# V  [libjvm.dylib+0x164ab6]  ThreadStateTransition::trans_from_native(JavaThreadState)+0xa
#
# Failed to write core dump. Core dumps have been disabled. To enable core dumping, try "ulimit -c unlimited" before starting Java again
#
# If you would like to submit a bug report, please visit:
#   http://bugreport.java.com/bugreport/crash.jsp
#

---------------  T H R E A D  ---------------

Current thread is native thread

siginfo: si_signo: 11 (SIGSEGV), si_code: 1 (SEGV_MAPERR), si_addr: 0x0000000000000270

Registers:
RAX=0x0000000000000000, RBX=0x0000000000000000, RCX=0x0000000000000000, RDX=0x0000000000071d80
RSP=0x00007fff55c03400, RBP=0x00007fff55c03410, RSI=0x0000000000000006, RDI=0x00007fff55c03428
R8 =0x0000000000000002, R9 =0x00007f99cbcc5e90, R10=0x0000000000000001, R11=0x0000000000000003
R12=0x00007fff55c03428, R13=0x000000012e718600, R14=0x00007f99c20929f8, R15=0x0000000000000000
RIP=0x000000010c164ab6, EFLAGS=0x0000000000010246, ERR=0x0000000000000006
  TRAPNO=0x000000000000000e

Top of Stack: (sp=0x00007fff55c03400)
0x00007fff55c03400:   00007f99c0761d20 00007f99c20929f8
0x00007fff55c03410:   00007fff55c03450 000000010c3062fb
0x00007fff55c03420:   000000010a017a00 0000000000000000
0x00007fff55c03430:   00007f99cbc815b0 000000012e7185e8
0x00007fff55c03440:   00007f99cbc4a230 0000000134840000
0x00007fff55c03450:   00007fff55c03460 000000012ced4f4e
0x00007fff55c03460:   00007fff55c03490 000000012cedb1ac
0x00007fff55c03470:   00007fff55c03490 00007f99c9224200
0x00007fff55c03480:   00000000000005d0 0000000134840000
0x00007fff55c03490:   00007fff55c034c0 000000012cedfad3
0x00007fff55c034a0:   000000013484f5b0 000000012e718030
0x00007fff55c034b0:   00000000000005d0 0000000134840000
0x00007fff55c034c0:   00007fff55c03500 000000012d8b334f
0x00007fff55c034d0:   000000012e718000 000000012e718000
0x00007fff55c034e0:   0000000000000011 00007f99c07ad030
0x00007fff55c034f0:   0000000134840448 0000000134840000
0x00007fff55c03500:   00007fff55c03520 000000012d8b3858
0x00007fff55c03510:   0000000000000000 0000000134840000
0x00007fff55c03520:   00007fff55c03540 000000012d8bc346
0x00007fff55c03530:   00007f99c07acf90 0000000000000280
0x00007fff55c03540:   00007fff55c03580 000000012d8b9e22
0x00007fff55c03550:   000000005b7edcaa 41d6dfb72abf8cfc
0x00007fff55c03560:   00007f99c07ad210 00007f99c2979e18
0x00007fff55c03570:   00007f99c07acf90 00007f99c2979e00
0x00007fff55c03580:   00007fff55c035d0 000000012d8b9899
0x00007fff55c03590:   00007fff55c035e0 00007f99c2979e00
0x00007fff55c035a0:   00007f99c0793730 00007f99c2979e00
0x00007fff55c035b0:   00007f99c07ad210 00007f99c18027a0
0x00007fff55c035c0:   00007f99c07ad048 00007f99c18028b0
0x00007fff55c035d0:   00007fff55c035e0 00007fff891c4c54
0x00007fff55c035e0:   00007fff55c04670 00007fff891c48df
0x00007fff55c035f0:   000009366089ccdb 00007f99c18028c0 

Instructions: (pc=0x000000010c164ab6)
0x000000010c164a96:   0e 48 8b 0b 49 8b 56 18 48 63 c0 48 89 0c c2 5b
0x000000010c164aa6:   41 5e 5d c3 90 90 55 48 89 e5 41 56 53 48 8b 1f
0x000000010c164ab6:   c7 83 70 02 00 00 05 00 00 00 48 8d 05 71 d2 75
0x000000010c164ac6:   00 8b 00 83 f8 01 41 89 f6 75 0c 48 8d 0d be 39 

Register to memory mapping:

RAX=0x0000000000000000 is an unknown value
RBX=0x0000000000000000 is an unknown value
RCX=0x0000000000000000 is an unknown value
RDX=0x0000000000071d80 is an unknown value
RSP=0x00007fff55c03400 is an unknown value
RBP=0x00007fff55c03410 is an unknown value
RSI=0x0000000000000006 is an unknown value
RDI=0x00007fff55c03428 is an unknown value
R8 =0x0000000000000002 is an unknown value
R9 =0x00007f99cbcc5e90 is an unknown value
R10=0x0000000000000001 is an unknown value
R11=0x0000000000000003 is an unknown value
R12=0x00007fff55c03428 is an unknown value
R13=0x000000012e718600 is an unknown value
R14=0x00007f99c20929f8 is an unknown value
R15=0x0000000000000000 is an unknown value


Stack: [0x00007fff55408000,0x00007fff55c08000],  sp=0x00007fff55c03400,  free space=8173k
Native frames: (J=compiled Java code, j=interpreted, Vv=VM code, C=native code)
V  [libjvm.dylib+0x164ab6]  ThreadStateTransition::trans_from_native(JavaThreadState)+0xa
V  [libjvm.dylib+0x3062fb]  jni_DeleteGlobalRef+0x35
C  [libjfxwebkit.dylib+0x40af4e]  Java_com_sun_webkit_dom_EventListenerImpl_twkDispatchEvent+0x4c02e
C  [libjfxwebkit.dylib+0x4111ac]  Java_com_sun_webkit_dom_EventListenerImpl_twkDispatchEvent+0x5228c
C  [libjfxwebkit.dylib+0x415ad3]  Java_com_sun_webkit_dom_EventListenerImpl_twkDispatchEvent+0x56bb3
C  [libjfxwebkit.dylib+0xde934f]  JSValueIsObjectOfClass+0x5080f
C  [libjfxwebkit.dylib+0xde9858]  JSValueIsObjectOfClass+0x50d18
C  [libjfxwebkit.dylib+0xdf2346]  JSValueIsObjectOfClass+0x59806
C  [libjfxwebkit.dylib+0xdefe22]  JSValueIsObjectOfClass+0x572e2
C  [libjfxwebkit.dylib+0xdef899]  JSValueIsObjectOfClass+0x56d59
C  [CoreFoundation+0x90c54]  __CFRUNLOOP_IS_CALLING_OUT_TO_A_TIMER_CALLBACK_FUNCTION__+0x14
C  [CoreFoundation+0x908df]  __CFRunLoopDoTimer+0x42f
C  [CoreFoundation+0x9043a]  __CFRunLoopDoTimers+0x12a
C  [CoreFoundation+0x87b81]  __CFRunLoopRun+0x811
C  [CoreFoundation+0x87114]  CFRunLoopRunSpecific+0x1a4
C  [java+0x6490]  CreateExecutionEnvironment+0x367
C  [java+0x221c]  JLI_Launch+0x7a0
C  [java+0x84ed]  main+0x65
C  [java+0x1a74]  start+0x34


---------------  P R O C E S S  ---------------

VM state:at safepoint (normal execution)

VM Mutex/Monitor currently owned by a thread:  ([mutex/lock_event])
[0x00007f99c0702d90] Threads_lock - owner thread: 0x00007f99c2829000
[0x00007f99c0703290] Heap_lock - owner thread: 0x00007f99c2930000

Heap:
 PSYoungGen      total 76288K, used 59509K [0x000000076ab00000, 0x0000000773b00000, 0x00000007c0000000)
  eden space 65536K, 76% used [0x000000076ab00000,0x000000076dc0fc08,0x000000076eb00000)
  from space 10752K, 86% used [0x000000076eb00000,0x000000076f40d938,0x000000076f580000)
  to   space 10752K, 0% used [0x0000000773080000,0x0000000773080000,0x0000000773b00000)
 ParOldGen       total 78336K, used 8239K [0x00000006c0000000, 0x00000006c4c80000, 0x000000076ab00000)
  object space 78336K, 10% used [0x00000006c0000000,0x00000006c080bf90,0x00000006c4c80000)
 Metaspace       used 27655K, capacity 28680K, committed 28976K, reserved 1075200K
  class space    used 3552K, capacity 3821K, committed 3888K, reserved 1048576K

Card table byte_map: [0x000000010a4e0000,0x000000010ace1000] byte_map_base: 0x0000000106ee0000

Marking Bits: (ParMarkBitMap*) 0x000000010c8c27a0
 Begin Bits: [0x000000011c4bf000, 0x00000001204bf000)
 End Bits:   [0x00000001204bf000, 0x00000001244bf000)

Polling page: 0x000000010a0b8000

CodeCache: size=245760Kb used=11592Kb max_used=11642Kb free=234167Kb
 bounds [0x000000010cf69000, 0x000000010dad9000, 0x000000011bf69000]
 total_blobs=4493 nmethods=3716 adapters=689
 compilation: enabled

Compilation events (10 events):
Event: 37.347 Thread 0x00007f99c4800000 nmethod 4182 0x000000010d6a74d0 code [0x000000010d6a7620, 0x000000010d6a7770]
Event: 37.356 Thread 0x00007f99c4800000 4184       3       sun.reflect.Reflection::isSubclassOf (21 bytes)
Event: 37.356 Thread 0x00007f99c4800000 nmethod 4184 0x000000010d77ebd0 code [0x000000010d77ed40, 0x000000010d77f028]
Event: 37.356 Thread 0x00007f99c4800000 4183       3       sun.reflect.ReflectionFactory::newConstructorAccessor (132 bytes)
Event: 37.357 Thread 0x00007f99c4800000 nmethod 4183 0x000000010dac0050 code [0x000000010dac03e0, 0x000000010dac2378]
Event: 37.358 Thread 0x00007f99c4800000 4185       1       java.util.concurrent.locks.LockSupport::setBlocker (12 bytes)
Event: 37.358 Thread 0x00007f99c4800000 nmethod 4185 0x000000010d8d9a50 code [0x000000010d8d9ba0, 0x000000010d8d9cb0]
Event: 37.358 Thread 0x00007f99c4800000 4186       1       java.lang.Thread::isDaemon (5 bytes)
Event: 37.358 Thread 0x00007f99c4800000 nmethod 4186 0x000000010d750410 code [0x000000010d750560, 0x000000010d750670]
Event: 37.358 Thread 0x00007f99c4800000 4187       3       java.util.logging.LogManager$LoggerContext::ensureDefaultLogger (70 bytes)

GC Heap History (8 events):
Event: 1.945 GC heap before
{Heap before GC invocations=1 (full 0):
 PSYoungGen      total 76288K, used 65536K [0x000000076ab00000, 0x0000000770000000, 0x00000007c0000000)
  eden space 65536K, 100% used [0x000000076ab00000,0x000000076eb00000,0x000000076eb00000)
  from space 10752K, 0% used [0x000000076f580000,0x000000076f580000,0x0000000770000000)
  to   space 10752K, 0% used [0x000000076eb00000,0x000000076eb00000,0x000000076f580000)
 ParOldGen       total 175104K, used 0K [0x00000006c0000000, 0x00000006cab00000, 0x000000076ab00000)
  object space 175104K, 0% used [0x00000006c0000000,0x00000006c0000000,0x00000006cab00000)
 Metaspace       used 20391K, capacity 21150K, committed 21296K, reserved 1067008K
  class space    used 2844K, capacity 3076K, committed 3120K, reserved 1048576K
Event: 1.953 GC heap after
Heap after GC invocations=1 (full 0):
 PSYoungGen      total 76288K, used 10727K [0x000000076ab00000, 0x0000000770000000, 0x00000007c0000000)
  eden space 65536K, 0% used [0x000000076ab00000,0x000000076ab00000,0x000000076eb00000)
  from space 10752K, 99% used [0x000000076eb00000,0x000000076f579c50,0x000000076f580000)
  to   space 10752K, 0% used [0x000000076f580000,0x000000076f580000,0x0000000770000000)
 ParOldGen       total 175104K, used 315K [0x00000006c0000000, 0x00000006cab00000, 0x000000076ab00000)
  object space 175104K, 0% used [0x00000006c0000000,0x00000006c004ee60,0x00000006cab00000)
 Metaspace       used 20391K, capacity 21150K, committed 21296K, reserved 1067008K
  class space    used 2844K, capacity 3076K, committed 3120K, reserved 1048576K
}
Event: 1.961 GC heap before
{Heap before GC invocations=2 (full 0):
 PSYoungGen      total 76288K, used 13112K [0x000000076ab00000, 0x0000000770000000, 0x00000007c0000000)
  eden space 65536K, 3% used [0x000000076ab00000,0x000000076ad547a0,0x000000076eb00000)
  from space 10752K, 99% used [0x000000076eb00000,0x000000076f579c50,0x000000076f580000)
  to   space 10752K, 0% used [0x000000076f580000,0x000000076f580000,0x0000000770000000)
 ParOldGen       total 175104K, used 315K [0x00000006c0000000, 0x00000006cab00000, 0x000000076ab00000)
  object space 175104K, 0% used [0x00000006c0000000,0x00000006c004ee60,0x00000006cab00000)
 Metaspace       used 20487K, capacity 21214K, committed 21296K, reserved 1067008K
  class space    used 2853K, capacity 3076K, committed 3120K, reserved 1048576K
Event: 1.967 GC heap after
Heap after GC invocations=2 (full 0):
 PSYoungGen      total 76288K, used 10259K [0x000000076ab00000, 0x0000000774000000, 0x00000007c0000000)
  eden space 65536K, 0% used [0x000000076ab00000,0x000000076ab00000,0x000000076eb00000)
  from space 10752K, 95% used [0x000000076f580000,0x000000076ff84ee0,0x0000000770000000)
  to   space 10752K, 0% used [0x000000076eb00000,0x000000076eb00000,0x000000076f580000)
 ParOldGen       total 175104K, used 323K [0x00000006c0000000, 0x00000006cab00000, 0x000000076ab00000)
  object space 175104K, 0% used [0x00000006c0000000,0x00000006c0050e60,0x00000006cab00000)
 Metaspace       used 20487K, capacity 21214K, committed 21296K, reserved 1067008K
  class space    used 2853K, capacity 3076K, committed 3120K, reserved 1048576K
}
Event: 1.967 GC heap before
{Heap before GC invocations=3 (full 1):
 PSYoungGen      total 76288K, used 10259K [0x000000076ab00000, 0x0000000774000000, 0x00000007c0000000)
  eden space 65536K, 0% used [0x000000076ab00000,0x000000076ab00000,0x000000076eb00000)
  from space 10752K, 95% used [0x000000076f580000,0x000000076ff84ee0,0x0000000770000000)
  to   space 10752K, 0% used [0x000000076eb00000,0x000000076eb00000,0x000000076f580000)
 ParOldGen       total 175104K, used 323K [0x00000006c0000000, 0x00000006cab00000, 0x000000076ab00000)
  object space 175104K, 0% used [0x00000006c0000000,0x00000006c0050e60,0x00000006cab00000)
 Metaspace       used 20487K, capacity 21214K, committed 21296K, reserved 1067008K
  class space    used 2853K, capacity 3076K, committed 3120K, reserved 1048576K
Event: 1.990 GC heap after
Heap after GC invocations=3 (full 1):
 PSYoungGen      total 76288K, used 0K [0x000000076ab00000, 0x0000000774000000, 0x00000007c0000000)
  eden space 65536K, 0% used [0x000000076ab00000,0x000000076ab00000,0x000000076eb00000)
  from space 10752K, 0% used [0x000000076f580000,0x000000076f580000,0x0000000770000000)
  to   space 10752K, 0% used [0x000000076eb00000,0x000000076eb00000,0x000000076f580000)
 ParOldGen       total 78336K, used 8231K [0x00000006c0000000, 0x00000006c4c80000, 0x000000076ab00000)
  object space 78336K, 10% used [0x00000006c0000000,0x00000006c0809f90,0x00000006c4c80000)
 Metaspace       used 20487K, capacity 21214K, committed 21296K, reserved 1067008K
  class space    used 2853K, capacity 3076K, committed 3120K, reserved 1048576K
}
Event: 3.480 GC heap before
{Heap before GC invocations=4 (full 1):
 PSYoungGen      total 76288K, used 65536K [0x000000076ab00000, 0x0000000774000000, 0x00000007c0000000)
  eden space 65536K, 100% used [0x000000076ab00000,0x000000076eb00000,0x000000076eb00000)
  from space 10752K, 0% used [0x000000076f580000,0x000000076f580000,0x0000000770000000)
  to   space 10752K, 0% used [0x000000076eb00000,0x000000076eb00000,0x000000076f580000)
 ParOldGen       total 78336K, used 8231K [0x00000006c0000000, 0x00000006c4c80000, 0x000000076ab00000)
  object space 78336K, 10% used [0x00000006c0000000,0x00000006c0809f90,0x00000006c4c80000)
 Metaspace       used 25996K, capacity 26920K, committed 27056K, reserved 1073152K
  class space    used 3419K, capacity 3643K, committed 3760K, reserved 1048576K
Event: 3.486 GC heap after
Heap after GC invocations=4 (full 1):
 PSYoungGen      total 76288K, used 9270K [0x000000076ab00000, 0x0000000773b00000, 0x00000007c0000000)
  eden space 65536K, 0% used [0x000000076ab00000,0x000000076ab00000,0x000000076eb00000)
  from space 10752K, 86% used [0x000000076eb00000,0x000000076f40d938,0x000000076f580000)
  to   space 10752K, 0% used [0x0000000773080000,0x0000000773080000,0x0000000773b00000)
 ParOldGen       total 78336K, used 8239K [0x00000006c0000000, 0x00000006c4c80000, 0x000000076ab00000)
  object space 78336K, 10% used [0x00000006c0000000,0x00000006c080bf90,0x00000006c4c80000)
 Metaspace       used 25996K, capacity 26920K, committed 27056K, reserved 1073152K
  class space    used 3419K, capacity 3643K, committed 3760K, reserved 1048576K
}

Deoptimization events (10 events):
Event: 3.380 Thread 0x00007f99c2092800 Uncommon trap: reason=class_check action=maybe_recompile pc=0x000000010d384554 method=java.io.FilterInputStream.read()I @ 4
Event: 3.380 Thread 0x00007f99c2092800 Uncommon trap: reason=class_check action=maybe_recompile pc=0x000000010d384554 method=java.io.FilterInputStream.read()I @ 4
Event: 5.283 Thread 0x00007f99c2092800 Uncommon trap: reason=bimorphic action=maybe_recompile pc=0x000000010d8a8028 method=java.util.AbstractCollection.addAll(Ljava/util/Collection;)Z @ 29
Event: 9.935 Thread 0x00007f99c0998000 Uncommon trap: reason=unstable_if action=reinterpret pc=0x000000010da834e4 method=com.sun.prism.impl.BaseGraphics.setClipRect(Lcom/sun/javafx/geom/Rectangle;)V @ 12
Event: 10.835 Thread 0x00007f99c2092800 Uncommon trap: reason=unstable_if action=reinterpret pc=0x000000010d54e888 method=java.util.WeakHashMap.expungeStaleEntries()V @ 9
Event: 11.105 Thread 0x00007f99c2092800 Uncommon trap: reason=class_check action=maybe_recompile pc=0x000000010da80690 method=javafx.scene.Node.updateLocalToParentTransform()V @ 11
Event: 30.990 Thread 0x00007f99c2092800 Uncommon trap: reason=unstable_if action=reinterpret pc=0x000000010d2140f0 method=java.util.ArrayList.rangeCheck(I)V @ 5
Event: 36.588 Thread 0x00007f99c2092800 Uncommon trap: reason=unstable_if action=reinterpret pc=0x000000010d5fe5f8 method=javafx.scene.Node.impl_intersectsBounds(Lcom/sun/javafx/geom/PickRay;)D @ 95
Event: 37.342 Thread 0x00007f99c2092800 Uncommon trap: reason=unstable_if action=reinterpret pc=0x000000010d509a90 method=com.sun.javafx.tk.quantum.QuantumToolkit.runWithoutRenderLock(Ljava/util/function/Supplier;)Ljava/lang/Object; @ 8
Event: 37.347 Thread 0x00007f99c2092800 Uncommon trap: reason=unstable_if action=reinterpret pc=0x000000010d5f51b4 method=java.util.HashMap$HashIterator.<init>(Ljava/util/HashMap;)V @ 45

Internal exceptions (10 events):
Event: 3.952 Thread 0x00007f99c0d72000 Exception <a 'java/lang/ClassNotFoundException': sun/net/www/protocol/data/Handler> (0x000000076b829f20) thrown at [/Users/java_re/workspace/8-2-build-macosx-x86_64/jdk8u45/3457/hotspot/src/share/vm/classfile/systemDictionary.cpp, line 210]
Event: 3.952 Thread 0x00007f99cb252800 Exception <a 'java/lang/ClassNotFoundException': sun/net/www/protocol/data/Handler> (0x000000076b7178f0) thrown at [/Users/java_re/workspace/8-2-build-macosx-x86_64/jdk8u45/3457/hotspot/src/share/vm/classfile/systemDictionary.cpp, line 210]
Event: 3.952 Thread 0x00007f99c143b800 Exception <a 'java/lang/ClassNotFoundException': sun/net/www/protocol/data/Handler> (0x000000076b84c0c8) thrown at [/Users/java_re/workspace/8-2-build-macosx-x86_64/jdk8u45/3457/hotspot/src/share/vm/classfile/systemDictionary.cpp, line 210]
Event: 3.952 Thread 0x00007f99c22c5000 Exception <a 'java/lang/ClassNotFoundException': sun/net/www/protocol/data/Handler> (0x000000076b80e148) thrown at [/Users/java_re/workspace/8-2-build-macosx-x86_64/jdk8u45/3457/hotspot/src/share/vm/classfile/systemDictionary.cpp, line 210]
Event: 3.952 Thread 0x00007f99c0d72000 Exception <a 'java/lang/ClassNotFoundException': sun/net/www/protocol/data/Handler> (0x000000076b830d68) thrown at [/Users/java_re/workspace/8-2-build-macosx-x86_64/jdk8u45/3457/hotspot/src/share/vm/classfile/systemDictionary.cpp, line 210]
Event: 3.952 Thread 0x00007f99c143b800 Exception <a 'java/lang/ClassNotFoundException': sun/net/www/protocol/data/Handler> (0x000000076b852f10) thrown at [/Users/java_re/workspace/8-2-build-macosx-x86_64/jdk8u45/3457/hotspot/src/share/vm/classfile/systemDictionary.cpp, line 210]
Event: 30.990 Thread 0x00007f99c2092800 Exception <a 'java/lang/reflect/InvocationTargetException'> (0x000000076d908618) thrown at [/Users/java_re/workspace/8-2-build-macosx-x86_64/jdk8u45/3457/hotspot/src/share/vm/runtime/reflection.cpp, line 1080]
Event: 30.990 Thread 0x00007f99c2092800 Exception <a 'java/security/PrivilegedActionException'> (0x000000076d908ca8) thrown at [/Users/java_re/workspace/8-2-build-macosx-x86_64/jdk8u45/3457/hotspot/src/share/vm/prims/jvm.cpp, line 1382]
Event: 35.514 Thread 0x00007f99c2092800 Exception <a 'java/lang/reflect/InvocationTargetException'> (0x000000076da77950) thrown at [/Users/java_re/workspace/8-2-build-macosx-x86_64/jdk8u45/3457/hotspot/src/share/vm/runtime/reflection.cpp, line 1080]
Event: 35.514 Thread 0x00007f99c2092800 Exception <a 'java/security/PrivilegedActionException'> (0x000000076da77fe0) thrown at [/Users/java_re/workspace/8-2-build-macosx-x86_64/jdk8u45/3457/hotspot/src/share/vm/prims/jvm.cpp, line 1382]

Events (10 events):
Event: 37.358 Thread 0x00007f99c2092800 Thread exited: 0x00007f99c2092800
Event: 37.358 Thread 0x00007f99c3001800 Thread exited: 0x00007f99c3001800
Event: 37.358 Thread 0x00007f99c2930000 Thread added: 0x00007f99c2930000
Event: 37.358 loading class java/util/IdentityHashMap$KeyIterator
Event: 37.358 loading class java/util/IdentityHashMap$IdentityHashMapIterator
Event: 37.358 loading class java/util/IdentityHashMap$IdentityHashMapIterator done
Event: 37.358 loading class java/util/IdentityHashMap$KeyIterator done
Event: 37.358 Thread 0x00007f99c2e4c000 Thread added: 0x00007f99c2e4c000
Event: 37.358 Thread 0x00007f99c2e4c000 Thread exited: 0x00007f99c2e4c000
Event: 37.358 Thread 0x00007f99c2930000 Thread exited: 0x00007f99c2930000


Dynamic libraries:
0x0000000013dbd000 	/System/Library/Frameworks/Cocoa.framework/Versions/A/Cocoa
0x0000000013dbd000 	/System/Library/Frameworks/Security.framework/Versions/A/Security
0x0000000013dbd000 	/System/Library/Frameworks/ApplicationServices.framework/Versions/A/ApplicationServices
0x0000000013dbd000 	/usr/lib/libz.1.dylib
0x0000000013dbd000 	/usr/lib/libSystem.B.dylib
0x0000000013dbd000 	/usr/lib/libobjc.A.dylib
0x0000000013dbd000 	/System/Library/Frameworks/CoreFoundation.framework/Versions/A/CoreFoundation
0x0000000013dbd000 	/System/Library/Frameworks/Foundation.framework/Versions/C/Foundation
0x0000000013dbd000 	/System/Library/Frameworks/AppKit.framework/Versions/C/AppKit
0x0000000013dbd000 	/System/Library/Frameworks/CoreData.framework/Versions/A/CoreData
0x0000000013dbd000 	/System/Library/PrivateFrameworks/RemoteViewServices.framework/Versions/A/RemoteViewServices
0x0000000013dbd000 	/System/Library/PrivateFrameworks/UIFoundation.framework/Versions/A/UIFoundation
0x0000000013dbd000 	/System/Library/PrivateFrameworks/DFRFoundation.framework/Versions/A/DFRFoundation
0x0000000013dbd000 	/usr/lib/libenergytrace.dylib
0x0000000013dbd000 	/System/Library/PrivateFrameworks/SkyLight.framework/Versions/A/SkyLight
0x0000000013dbd000 	/System/Library/Frameworks/CoreGraphics.framework/Versions/A/CoreGraphics
0x0000000013dbd000 	/usr/lib/libScreenReader.dylib
0x0000000013dbd000 	/System/Library/Frameworks/Accelerate.framework/Versions/A/Accelerate
0x0000000013dbd000 	/System/Library/Frameworks/IOSurface.framework/Versions/A/IOSurface
0x0000000013dbd000 	/System/Library/Frameworks/AudioToolbox.framework/Versions/A/AudioToolbox
0x0000000013dbd000 	/System/Library/Frameworks/AudioUnit.framework/Versions/A/AudioUnit
0x0000000013dbd000 	/System/Library/PrivateFrameworks/DataDetectorsCore.framework/Versions/A/DataDetectorsCore
0x0000000013dbd000 	/System/Library/PrivateFrameworks/DesktopServicesPriv.framework/Versions/A/DesktopServicesPriv
0x0000000013dbd000 	/System/Library/Frameworks/Carbon.framework/Versions/A/Frameworks/HIToolbox.framework/Versions/A/HIToolbox
0x0000000013dbd000 	/usr/lib/libicucore.A.dylib
0x0000000013dbd000 	/System/Library/Frameworks/QuartzCore.framework/Versions/A/QuartzCore
0x0000000013dbd000 	/System/Library/Frameworks/Carbon.framework/Versions/A/Frameworks/SpeechRecognition.framework/Versions/A/SpeechRecognition
0x0000000013dbd000 	/usr/lib/libauto.dylib
0x0000000013dbd000 	/usr/lib/libxml2.2.dylib
0x0000000013dbd000 	/System/Library/PrivateFrameworks/CoreUI.framework/Versions/A/CoreUI
0x0000000013dbd000 	/System/Library/Frameworks/CoreAudio.framework/Versions/A/CoreAudio
0x0000000013dbd000 	/System/Library/Frameworks/DiskArbitration.framework/Versions/A/DiskArbitration
0x0000000013dbd000 	/usr/lib/liblangid.dylib
0x0000000013dbd000 	/System/Library/PrivateFrameworks/MultitouchSupport.framework/Versions/A/MultitouchSupport
0x0000000013dbd000 	/System/Library/Frameworks/IOKit.framework/Versions/A/IOKit
0x0000000013dbd000 	/usr/lib/libDiagnosticMessagesClient.dylib
0x0000000013dbd000 	/System/Library/Frameworks/CoreServices.framework/Versions/A/CoreServices
0x0000000013dbd000 	/System/Library/PrivateFrameworks/PerformanceAnalysis.framework/Versions/A/PerformanceAnalysis
0x0000000013dbd000 	/System/Library/PrivateFrameworks/GenerationalStorage.framework/Versions/A/GenerationalStorage
0x0000000013dbd000 	/System/Library/Frameworks/OpenGL.framework/Versions/A/OpenGL
0x0000000013dbd000 	/System/Library/Frameworks/CoreImage.framework/Versions/A/CoreImage
0x0000000013dbd000 	/System/Library/Frameworks/CoreText.framework/Versions/A/CoreText
0x0000000013dbd000 	/System/Library/Frameworks/ImageIO.framework/Versions/A/ImageIO
0x0000000013dbd000 	/System/Library/PrivateFrameworks/Backup.framework/Versions/A/Backup
0x0000000013dbd000 	/usr/lib/libarchive.2.dylib
0x0000000013dbd000 	/System/Library/Frameworks/CFNetwork.framework/Versions/A/CFNetwork
0x0000000013dbd000 	/System/Library/Frameworks/SystemConfiguration.framework/Versions/A/SystemConfiguration
0x0000000013dbd000 	/usr/lib/libCRFSuite.dylib
0x0000000013dbd000 	/usr/lib/libc++.1.dylib
0x0000000013dbd000 	/usr/lib/libc++abi.dylib
0x0000000013dbd000 	/usr/lib/system/libcache.dylib
0x0000000013dbd000 	/usr/lib/system/libcommonCrypto.dylib
0x0000000013dbd000 	/usr/lib/system/libcompiler_rt.dylib
0x0000000013dbd000 	/usr/lib/system/libcopyfile.dylib
0x0000000013dbd000 	/usr/lib/system/libcorecrypto.dylib
0x0000000013dbd000 	/usr/lib/system/libdispatch.dylib
0x0000000013dbd000 	/usr/lib/system/libdyld.dylib
0x0000000013dbd000 	/usr/lib/system/libkeymgr.dylib
0x0000000013dbd000 	/usr/lib/system/liblaunch.dylib
0x0000000013dbd000 	/usr/lib/system/libmacho.dylib
0x0000000013dbd000 	/usr/lib/system/libquarantine.dylib
0x0000000013dbd000 	/usr/lib/system/libremovefile.dylib
0x0000000013dbd000 	/usr/lib/system/libsystem_asl.dylib
0x0000000013dbd000 	/usr/lib/system/libsystem_blocks.dylib
0x0000000013dbd000 	/usr/lib/system/libsystem_c.dylib
0x0000000013dbd000 	/usr/lib/system/libsystem_configuration.dylib
0x0000000013dbd000 	/usr/lib/system/libsystem_coreservices.dylib
0x0000000013dbd000 	/usr/lib/system/libsystem_coretls.dylib
0x0000000013dbd000 	/usr/lib/system/libsystem_dnssd.dylib
0x0000000013dbd000 	/usr/lib/system/libsystem_info.dylib
0x0000000013dbd000 	/usr/lib/system/libsystem_kernel.dylib
0x0000000013dbd000 	/usr/lib/system/libsystem_m.dylib
0x0000000013dbd000 	/usr/lib/system/libsystem_malloc.dylib
0x0000000013dbd000 	/usr/lib/system/libsystem_network.dylib
0x0000000013dbd000 	/usr/lib/system/libsystem_networkextension.dylib
0x0000000013dbd000 	/usr/lib/system/libsystem_notify.dylib
0x0000000013dbd000 	/usr/lib/system/libsystem_platform.dylib
0x0000000013dbd000 	/usr/lib/system/libsystem_pthread.dylib
0x0000000013dbd000 	/usr/lib/system/libsystem_sandbox.dylib
0x0000000013dbd000 	/usr/lib/system/libsystem_secinit.dylib
0x0000000013dbd000 	/usr/lib/system/libsystem_symptoms.dylib
0x0000000013dbd000 	/usr/lib/system/libsystem_trace.dylib
0x0000000013dbd000 	/usr/lib/system/libunwind.dylib
0x0000000013dbd000 	/usr/lib/system/libxpc.dylib
0x0000000013dbd000 	/usr/lib/libbsm.0.dylib
0x0000000013dbd000 	/usr/lib/system/libkxld.dylib
0x0000000013dbd000 	/usr/lib/libcoretls.dylib
0x0000000013dbd000 	/usr/lib/libcoretls_cfhelpers.dylib
0x0000000013dbd000 	/usr/lib/libOpenScriptingUtil.dylib
0x0000000013dbd000 	/usr/lib/libpam.2.dylib
0x0000000013dbd000 	/usr/lib/libsqlite3.dylib
0x0000000013dbd000 	/usr/lib/libxar.1.dylib
0x0000000013dbd000 	/usr/lib/libbz2.1.0.dylib
0x0000000013dbd000 	/usr/lib/liblzma.5.dylib
0x0000000013dbd000 	/usr/lib/libnetwork.dylib
0x0000000013dbd000 	/usr/lib/libpcap.A.dylib
0x0000000013dbd000 	/System/Library/Frameworks/CoreServices.framework/Versions/A/Frameworks/FSEvents.framework/Versions/A/FSEvents
0x0000000013dbd000 	/System/Library/Frameworks/CoreServices.framework/Versions/A/Frameworks/CarbonCore.framework/Versions/A/CarbonCore
0x0000000013dbd000 	/System/Library/Frameworks/CoreServices.framework/Versions/A/Frameworks/Metadata.framework/Versions/A/Metadata
0x0000000013dbd000 	/System/Library/Frameworks/CoreServices.framework/Versions/A/Frameworks/OSServices.framework/Versions/A/OSServices
0x0000000013dbd000 	/System/Library/Frameworks/CoreServices.framework/Versions/A/Frameworks/SearchKit.framework/Versions/A/SearchKit
0x0000000013dbd000 	/System/Library/Frameworks/CoreServices.framework/Versions/A/Frameworks/AE.framework/Versions/A/AE
0x0000000013dbd000 	/System/Library/Frameworks/CoreServices.framework/Versions/A/Frameworks/LaunchServices.framework/Versions/A/LaunchServices
0x0000000013dbd000 	/System/Library/Frameworks/CoreServices.framework/Versions/A/Frameworks/DictionaryServices.framework/Versions/A/DictionaryServices
0x0000000013dbd000 	/System/Library/Frameworks/CoreServices.framework/Versions/A/Frameworks/SharedFileList.framework/Versions/A/SharedFileList
0x0000000013dbd000 	/System/Library/Frameworks/NetFS.framework/Versions/A/NetFS
0x0000000013dbd000 	/System/Library/PrivateFrameworks/NetAuth.framework/Versions/A/NetAuth
0x0000000013dbd000 	/System/Library/PrivateFrameworks/login.framework/Versions/A/Frameworks/loginsupport.framework/Versions/A/loginsupport
0x0000000013dbd000 	/System/Library/PrivateFrameworks/TCC.framework/Versions/A/TCC
0x0000000013dbd000 	/usr/lib/libmecabra.dylib
0x0000000013dbd000 	/System/Library/Frameworks/ApplicationServices.framework/Versions/A/Frameworks/ATS.framework/Versions/A/ATS
0x0000000013dbd000 	/System/Library/Frameworks/ApplicationServices.framework/Versions/A/Frameworks/ColorSync.framework/Versions/A/ColorSync
0x0000000013dbd000 	/System/Library/Frameworks/ApplicationServices.framework/Versions/A/Frameworks/HIServices.framework/Versions/A/HIServices
0x0000000013dbd000 	/System/Library/Frameworks/ApplicationServices.framework/Versions/A/Frameworks/LangAnalysis.framework/Versions/A/LangAnalysis
0x0000000013dbd000 	/System/Library/Frameworks/ApplicationServices.framework/Versions/A/Frameworks/PrintCore.framework/Versions/A/PrintCore
0x0000000013dbd000 	/System/Library/Frameworks/ApplicationServices.framework/Versions/A/Frameworks/QD.framework/Versions/A/QD
0x0000000013dbd000 	/System/Library/Frameworks/ApplicationServices.framework/Versions/A/Frameworks/SpeechSynthesis.framework/Versions/A/SpeechSynthesis
0x0000000013dbd000 	/System/Library/Frameworks/Accelerate.framework/Versions/A/Frameworks/vImage.framework/Versions/A/vImage
0x0000000013dbd000 	/System/Library/Frameworks/Accelerate.framework/Versions/A/Frameworks/vecLib.framework/Versions/A/vecLib
0x0000000013dbd000 	/System/Library/Frameworks/Accelerate.framework/Versions/A/Frameworks/vecLib.framework/Versions/A/libvDSP.dylib
0x0000000013dbd000 	/System/Library/Frameworks/Accelerate.framework/Versions/A/Frameworks/vecLib.framework/Versions/A/libBNNS.dylib
0x0000000013dbd000 	/System/Library/Frameworks/Accelerate.framework/Versions/A/Frameworks/vecLib.framework/Versions/A/libQuadrature.dylib
0x0000000013dbd000 	/System/Library/Frameworks/Accelerate.framework/Versions/A/Frameworks/vecLib.framework/Versions/A/libvMisc.dylib
0x0000000013dbd000 	/System/Library/Frameworks/Accelerate.framework/Versions/A/Frameworks/vecLib.framework/Versions/A/libLAPACK.dylib
0x0000000013dbd000 	/System/Library/Frameworks/Accelerate.framework/Versions/A/Frameworks/vecLib.framework/Versions/A/libBLAS.dylib
0x0000000013dbd000 	/System/Library/Frameworks/Accelerate.framework/Versions/A/Frameworks/vecLib.framework/Versions/A/libLinearAlgebra.dylib
0x0000000013dbd000 	/System/Library/Frameworks/Accelerate.framework/Versions/A/Frameworks/vecLib.framework/Versions/A/libSparseBLAS.dylib
0x0000000013dbd000 	/System/Library/Frameworks/ApplicationServices.framework/Versions/A/Frameworks/ATS.framework/Versions/A/Resources/libFontParser.dylib
0x0000000013dbd000 	/System/Library/Frameworks/ApplicationServices.framework/Versions/A/Frameworks/ATS.framework/Versions/A/Resources/libFontRegistry.dylib
0x0000000013dbd000 	/System/Library/Frameworks/ImageIO.framework/Versions/A/Resources/libJPEG.dylib
0x0000000013dbd000 	/System/Library/Frameworks/ImageIO.framework/Versions/A/Resources/libTIFF.dylib
0x0000000013dbd000 	/System/Library/Frameworks/ImageIO.framework/Versions/A/Resources/libPng.dylib
0x0000000013dbd000 	/System/Library/Frameworks/ImageIO.framework/Versions/A/Resources/libGIF.dylib
0x0000000013dbd000 	/System/Library/Frameworks/ImageIO.framework/Versions/A/Resources/libJP2.dylib
0x0000000013dbd000 	/System/Library/Frameworks/ImageIO.framework/Versions/A/Resources/libRadiance.dylib
0x0000000013dbd000 	/usr/lib/libcompression.dylib
0x0000000013dbd000 	/System/Library/PrivateFrameworks/AppleJPEG.framework/Versions/A/AppleJPEG
0x0000000013dbd000 	/usr/lib/libcups.2.dylib
0x0000000013dbd000 	/System/Library/Frameworks/Kerberos.framework/Versions/A/Kerberos
0x0000000013dbd000 	/System/Library/Frameworks/GSS.framework/Versions/A/GSS
0x0000000013dbd000 	/usr/lib/libresolv.9.dylib
0x0000000013dbd000 	/usr/lib/libiconv.2.dylib
0x0000000013dbd000 	/System/Library/PrivateFrameworks/Heimdal.framework/Versions/A/Heimdal
0x0000000013dbd000 	/usr/lib/libheimdal-asn1.dylib
0x0000000013dbd000 	/System/Library/Frameworks/OpenDirectory.framework/Versions/A/OpenDirectory
0x0000000013dbd000 	/System/Library/PrivateFrameworks/CommonAuth.framework/Versions/A/CommonAuth
0x0000000013dbd000 	/System/Library/Frameworks/OpenDirectory.framework/Versions/A/Frameworks/CFOpenDirectory.framework/Versions/A/CFOpenDirectory
0x0000000013dbd000 	/System/Library/Frameworks/SecurityFoundation.framework/Versions/A/SecurityFoundation
0x0000000013dbd000 	/System/Library/PrivateFrameworks/LanguageModeling.framework/Versions/A/LanguageModeling
0x0000000013dbd000 	/usr/lib/libmarisa.dylib
0x0000000013dbd000 	/usr/lib/libChineseTokenizer.dylib
0x0000000013dbd000 	/usr/lib/libcmph.dylib
0x0000000013dbd000 	/System/Library/PrivateFrameworks/CoreEmoji.framework/Versions/A/CoreEmoji
0x0000000013dbd000 	/System/Library/Frameworks/ServiceManagement.framework/Versions/A/ServiceManagement
0x0000000013dbd000 	/usr/lib/libxslt.1.dylib
0x0000000013dbd000 	/System/Library/Frameworks/Carbon.framework/Versions/A/Frameworks/Ink.framework/Versions/A/Ink
0x0000000013dbd000 	/System/Library/PrivateFrameworks/TextureIO.framework/Versions/A/TextureIO
0x0000000013dbd000 	/System/Library/Frameworks/Metal.framework/Versions/A/Metal
0x0000000013dbd000 	/usr/lib/libate.dylib
0x0000000013dbd000 	/System/Library/PrivateFrameworks/GPUCompiler.framework/libmetal_timestamp.dylib
0x0000000013dbd000 	/System/Library/Frameworks/OpenGL.framework/Versions/A/Libraries/libCoreFSCache.dylib
0x0000000013dbd000 	/System/Library/PrivateFrameworks/IOAccelerator.framework/Versions/A/IOAccelerator
0x0000000013dbd000 	/System/Library/Frameworks/CoreVideo.framework/Versions/A/CoreVideo
0x0000000013dbd000 	/usr/lib/libFosl_dynamic.dylib
0x0000000013dbd000 	/System/Library/PrivateFrameworks/MetalPerformanceShaders.framework/Versions/A/MetalPerformanceShaders
0x0000000013dbd000 	/System/Library/PrivateFrameworks/FaceCore.framework/Versions/A/FaceCore
0x0000000013dbd000 	/System/Library/Frameworks/OpenCL.framework/Versions/A/OpenCL
0x0000000013dbd000 	/System/Library/Frameworks/OpenGL.framework/Versions/A/Libraries/libGLU.dylib
0x0000000013dbd000 	/System/Library/Frameworks/OpenGL.framework/Versions/A/Libraries/libGFXShared.dylib
0x0000000013dbd000 	/System/Library/Frameworks/OpenGL.framework/Versions/A/Libraries/libGL.dylib
0x0000000013dbd000 	/System/Library/Frameworks/OpenGL.framework/Versions/A/Libraries/libGLImage.dylib
0x0000000013dbd000 	/System/Library/Frameworks/OpenGL.framework/Versions/A/Libraries/libCVMSPluginSupport.dylib
0x0000000013dbd000 	/System/Library/Frameworks/OpenGL.framework/Versions/A/Libraries/libCoreVMClient.dylib
0x0000000013dbd000 	/System/Library/PrivateFrameworks/CrashReporterSupport.framework/Versions/A/CrashReporterSupport
0x0000000013dbd000 	/System/Library/PrivateFrameworks/Sharing.framework/Versions/A/Sharing
0x0000000013dbd000 	/System/Library/PrivateFrameworks/IconServices.framework/Versions/A/IconServices
0x0000000013dbd000 	/System/Library/PrivateFrameworks/ProtocolBuffer.framework/Versions/A/ProtocolBuffer
0x0000000013dbd000 	/System/Library/PrivateFrameworks/Apple80211.framework/Versions/A/Apple80211
0x0000000013dbd000 	/System/Library/Frameworks/CoreWLAN.framework/Versions/A/CoreWLAN
0x0000000013dbd000 	/System/Library/PrivateFrameworks/CoreUtils.framework/Versions/A/CoreUtils
0x0000000013dbd000 	/System/Library/Frameworks/IOBluetooth.framework/Versions/A/IOBluetooth
0x0000000013dbd000 	/System/Library/PrivateFrameworks/CoreWiFi.framework/Versions/A/CoreWiFi
0x0000000013dbd000 	/System/Library/Frameworks/CoreBluetooth.framework/Versions/A/CoreBluetooth
0x0000000013dbd000 	/System/Library/Frameworks/CoreDisplay.framework/Versions/A/CoreDisplay
0x0000000013dbd000 	/System/Library/PrivateFrameworks/IOPresentment.framework/Versions/A/IOPresentment
0x0000000013dbd000 	/System/Library/PrivateFrameworks/DSExternalDisplay.framework/Versions/A/DSExternalDisplay
0x0000000013dbd000 	/System/Library/PrivateFrameworks/DebugSymbols.framework/Versions/A/DebugSymbols
0x0000000013dbd000 	/System/Library/PrivateFrameworks/CoreSymbolication.framework/Versions/A/CoreSymbolication
0x0000000013dbd000 	/System/Library/PrivateFrameworks/Symbolication.framework/Versions/A/Symbolication
0x0000000013dbd000 	/System/Library/PrivateFrameworks/AppleFSCompression.framework/Versions/A/AppleFSCompression
0x0000000013dbd000 	/System/Library/PrivateFrameworks/SpeechRecognitionCore.framework/Versions/A/SpeechRecognitionCore
0x0000000013dbd000 	/System/Library/PrivateFrameworks/ChunkingLibrary.framework/Versions/A/ChunkingLibrary
0x000000010c000000 	/Library/Java/JavaVirtualMachines/jdk1.8.0_45.jdk/Contents/Home/jre/lib/server/libjvm.dylib
0x0000000013dbd000 	/usr/lib/libstdc++.6.dylib
0x000000010a075000 	/Library/Java/JavaVirtualMachines/jdk1.8.0_45.jdk/Contents/Home/jre/lib/libverify.dylib
0x000000010a083000 	/Library/Java/JavaVirtualMachines/jdk1.8.0_45.jdk/Contents/Home/jre/lib/libjava.dylib
0x000000010a0b9000 	/Library/Java/JavaVirtualMachines/jdk1.8.0_45.jdk/Contents/Home/jre/lib/libinstrument.dylib
0x000000010a117000 	/Library/Java/JavaVirtualMachines/jdk1.8.0_45.jdk/Contents/Home/jre/lib/libzip.dylib
0x00000001271c3000 	/System/Library/Frameworks/JavaVM.framework/Frameworks/JavaRuntimeSupport.framework/JavaRuntimeSupport
0x00000001271dd000 	/System/Library/Frameworks/JavaVM.framework/Versions/A/Frameworks/JavaNativeFoundation.framework/Versions/A/JavaNativeFoundation
0x000000010af33000 	/System/Library/Frameworks/JavaVM.framework/Versions/A/JavaVM
0x0000000013dbd000 	/System/Library/Frameworks/Carbon.framework/Versions/A/Carbon
0x000000010afed000 	/System/Library/PrivateFrameworks/JavaLaunching.framework/Versions/A/JavaLaunching
0x0000000013dbd000 	/System/Library/Frameworks/Carbon.framework/Versions/A/Frameworks/CommonPanels.framework/Versions/A/CommonPanels
0x0000000013dbd000 	/System/Library/Frameworks/Carbon.framework/Versions/A/Frameworks/Help.framework/Versions/A/Help
0x0000000013dbd000 	/System/Library/Frameworks/Carbon.framework/Versions/A/Frameworks/ImageCapture.framework/Versions/A/ImageCapture
0x0000000013dbd000 	/System/Library/Frameworks/Carbon.framework/Versions/A/Frameworks/OpenScripting.framework/Versions/A/OpenScripting
0x0000000013dbd000 	/System/Library/Frameworks/Carbon.framework/Versions/A/Frameworks/Print.framework/Versions/A/Print
0x0000000013dbd000 	/System/Library/Frameworks/Carbon.framework/Versions/A/Frameworks/SecurityHI.framework/Versions/A/SecurityHI
0x0000000128c47000 	/Library/Java/JavaVirtualMachines/jdk1.8.0_45.jdk/Contents/Home/jre/lib/libnet.dylib
0x0000000128d3c000 	/Library/Java/JavaVirtualMachines/jdk1.8.0_45.jdk/Contents/Home/jre/lib/libprism_es2.dylib
0x0000000128da2000 	/System/Library/Frameworks/OpenGL.framework/Resources/GLEngine.bundle/GLEngine
0x0000000013dbd000 	/System/Library/Frameworks/OpenGL.framework/Versions/A/Libraries/libGLProgrammability.dylib
0x0000000128f87000 	/System/Library/Extensions/AppleIntelHD5000GraphicsGLDriver.bundle/Contents/MacOS/AppleIntelHD5000GraphicsGLDriver
0x0000000013dbd000 	/System/Library/PrivateFrameworks/GPUSupport.framework/Versions/A/Libraries/libGPUSupportMercury.dylib
0x00000001296fa000 	/System/Library/Frameworks/OpenGL.framework/Resources//GLRendererFloat.bundle/GLRendererFloat
0x0000000013dbd000 	/System/Library/Frameworks/OpenCL.framework/Versions/A/Libraries/libcldcpuengine.dylib
0x0000000013dbd000 	/usr/lib/libcrypto.0.9.8.dylib
0x0000000013dbd000 	/System/Library/PrivateFrameworks/TrustEvaluationAgent.framework/Versions/A/TrustEvaluationAgent
0x0000000129b5d000 	/Library/Java/JavaVirtualMachines/jdk1.8.0_45.jdk/Contents/Home/jre/lib/libglass.dylib
0x0000000013dbd000 	/System/Library/PrivateFrameworks/CoreServicesInternal.framework/Versions/A/CoreServicesInternal
0x0000000013dbd000 	/System/Library/CoreServices/RawCamera.bundle/Contents/MacOS/RawCamera
0x0000000013dbd000 	/System/Library/Frameworks/Accelerate.framework/Versions/A/Frameworks/vImage.framework/Versions/A/Libraries/libCGInterfaces.dylib
0x0000000013dbd000 	/System/Library/PrivateFrameworks/FamilyControls.framework/Versions/A/FamilyControls
0x0000000013dbd000 	/System/Library/PrivateFrameworks/CommerceKit.framework/Versions/A/Frameworks/CommerceCore.framework/Versions/A/CommerceCore
0x0000000013dbd000 	/System/Library/PrivateFrameworks/SystemAdministration.framework/Versions/A/SystemAdministration
0x0000000013dbd000 	/System/Library/PrivateFrameworks/AppContainer.framework/Versions/A/AppContainer
0x0000000013dbd000 	/System/Library/PrivateFrameworks/SecCodeWrapper.framework/Versions/A/SecCodeWrapper
0x0000000013dbd000 	/System/Library/Frameworks/DirectoryService.framework/Versions/A/DirectoryService
0x0000000013dbd000 	/System/Library/PrivateFrameworks/DiskImages.framework/Versions/A/DiskImages
0x0000000013dbd000 	/System/Library/PrivateFrameworks/LoginUIKit.framework/Versions/A/Frameworks/LoginUICore.framework/Versions/A/LoginUICore
0x0000000013dbd000 	/usr/lib/libCoreStorage.dylib
0x0000000013dbd000 	/usr/lib/libcsfde.dylib
0x0000000013dbd000 	/usr/lib/libodfde.dylib
0x0000000013dbd000 	/System/Library/Frameworks/DiscRecording.framework/Versions/A/DiscRecording
0x0000000013dbd000 	/usr/lib/libcurl.4.dylib
0x0000000013dbd000 	/System/Library/PrivateFrameworks/MediaKit.framework/Versions/A/MediaKit
0x0000000013dbd000 	/System/Library/PrivateFrameworks/ProtectedCloudStorage.framework/Versions/A/ProtectedCloudStorage
0x0000000013dbd000 	/System/Library/PrivateFrameworks/EFILogin.framework/Versions/A/EFILogin
0x0000000013dbd000 	/usr/lib/libutil.dylib
0x0000000013dbd000 	/System/Library/Frameworks/LDAP.framework/Versions/A/LDAP
0x0000000013dbd000 	/usr/lib/libsasl2.2.dylib
0x0000000013dbd000 	/System/Library/PrivateFrameworks/CoreDaemon.framework/Versions/B/CoreDaemon
0x0000000013dbd000 	/System/Library/PrivateFrameworks/AppleSRP.framework/Versions/A/AppleSRP
0x0000000013dbd000 	/System/Library/PrivateFrameworks/APFS.framework/Versions/A/APFS
0x000000012caca000 	/Library/Java/JavaVirtualMachines/jdk1.8.0_45.jdk/Contents/Home/jre/lib/libjfxwebkit.dylib
0x000000012ed61000 	/Library/Java/JavaVirtualMachines/jdk1.8.0_45.jdk/Contents/Home/jre/lib/libnio.dylib
0x000000012ef71000 	/Library/Java/JavaVirtualMachines/jdk1.8.0_45.jdk/Contents/Home/jre/lib/libjavafx_font.dylib
0x0000000013dbd000 	/System/Library/Frameworks/ApplicationServices.framework/Versions/A/Frameworks/ATS.framework/Versions/A/Resources/libTrueTypeScaler.dylib
0x0000000133278000 	/System/Library/Extensions/AppleIntelHD5000GraphicsMTLDriver.bundle/Contents/MacOS/AppleIntelHD5000GraphicsMTLDriver
0x000000013028d000 	/Library/Java/JavaVirtualMachines/jdk1.8.0_45.jdk/Contents/Home/jre/lib/libprism_common.dylib
0x0000000013dbd000 	/System/Library/PrivateFrameworks/ViewBridge.framework/Versions/A/ViewBridge
0x0000000013dbd000 	/System/Library/PrivateFrameworks/XPCService.framework/Versions/A/XPCService
0x0000000013dbd000 	/System/Library/PrivateFrameworks/AppSandbox.framework/Versions/A/AppSandbox
0x0000000013dbd000 	/usr/lib/libsandbox.1.dylib
0x0000000013dbd000 	/usr/lib/libMatch.1.dylib
0x0000000135186000 	/Library/Java/JavaVirtualMachines/jdk1.8.0_45.jdk/Contents/Home/jre/lib/libsunec.dylib
0x0000000138f20000 	/Library/Java/JavaVirtualMachines/jdk1.8.0_45.jdk/Contents/Home/jre/lib/libglib-lite.dylib
0x0000000139046000 	/Library/Java/JavaVirtualMachines/jdk1.8.0_45.jdk/Contents/Home/jre/lib/libgstreamer-lite.dylib
0x00000001391c9000 	/Library/Java/JavaVirtualMachines/jdk1.8.0_45.jdk/Contents/Home/jre/lib/libjfxmedia.dylib
0x000000013920a000 	/Library/Java/JavaVirtualMachines/jdk1.8.0_45.jdk/Contents/Home/jre/lib/libjfxmedia_avf.dylib
0x0000000013dbd000 	/System/Library/Frameworks/AVFoundation.framework/Versions/A/AVFoundation
0x0000000013dbd000 	/System/Library/Frameworks/CoreMedia.framework/Versions/A/CoreMedia
0x0000000013dbd000 	/System/Library/Frameworks/MediaToolbox.framework/Versions/A/MediaToolbox
0x0000000013dbd000 	/System/Library/Frameworks/AVFoundation.framework/Versions/A/Frameworks/AVFAudio.framework/Versions/A/AVFAudio
0x0000000013dbd000 	/System/Library/Frameworks/VideoToolbox.framework/Versions/A/VideoToolbox
0x0000000013dbd000 	/System/Library/PrivateFrameworks/IntlPreferences.framework/Versions/A/IntlPreferences
0x0000000013dbd000 	/System/Library/Frameworks/CoreMediaIO.framework/Versions/A/CoreMediaIO
0x0000000013dbd000 	/usr/lib/libspindump.dylib
0x0000000013dbd000 	/usr/lib/libdscsym.dylib
0x0000000013dbd000 	/System/Library/PrivateFrameworks/CoreAVCHD.framework/Versions/A/CoreAVCHD
0x0000000013dbd000 	/System/Library/Frameworks/MediaAccessibility.framework/Versions/A/MediaAccessibility
0x0000000013dbd000 	/System/Library/PrivateFrameworks/Mangrove.framework/Versions/A/Mangrove
0x0000000013dbd000 	/System/Library/PrivateFrameworks/CoreAUC.framework/Versions/A/CoreAUC
0x0000000013dbd000 	/System/Library/PrivateFrameworks/AppleVA.framework/Versions/A/AppleVA
0x0000000139242000 	/Library/Java/JavaVirtualMachines/jdk1.8.0_45.jdk/Contents/Home/jre/lib/libjfxmedia_qtkit.dylib
0x0000000013dbd000 	/System/Library/Frameworks/QTKit.framework/Versions/A/QTKit
0x0000000013dbd000 	/System/Library/PrivateFrameworks/CoreMediaAuthoring.framework/Versions/A/CoreMediaAuthoring

VM Arguments:
jvm_args: -javaagent:/Applications/IntelliJ IDEA CE.app/Contents/lib/idea_rt.jar=51602:/Applications/IntelliJ IDEA CE.app/Contents/bin -Dfile.encoding=UTF-8 
java_command: com.lynden.example.latlong.LatLongMainApp
java_class_path (initial): /Library/Java/JavaVirtualMachines/jdk1.8.0_45.jdk/Contents/Home/jre/lib/charsets.jar:/Library/Java/JavaVirtualMachines/jdk1.8.0_45.jdk/Contents/Home/jre/lib/deploy.jar:/Library/Java/JavaVirtualMachines/jdk1.8.0_45.jdk/Contents/Home/jre/lib/ext/cldrdata.jar:/Library/Java/JavaVirtualMachines/jdk1.8.0_45.jdk/Contents/Home/jre/lib/ext/dnsns.jar:/Library/Java/JavaVirtualMachines/jdk1.8.0_45.jdk/Contents/Home/jre/lib/ext/jfxrt.jar:/Library/Java/JavaVirtualMachines/jdk1.8.0_45.jdk/Contents/Home/jre/lib/ext/localedata.jar:/Library/Java/JavaVirtualMachines/jdk1.8.0_45.jdk/Contents/Home/jre/lib/ext/nashorn.jar:/Library/Java/JavaVirtualMachines/jdk1.8.0_45.jdk/Contents/Home/jre/lib/ext/sunec.jar:/Library/Java/JavaVirtualMachines/jdk1.8.0_45.jdk/Contents/Home/jre/lib/ext/sunjce_provider.jar:/Library/Java/JavaVirtualMachines/jdk1.8.0_45.jdk/Contents/Home/jre/lib/ext/sunpkcs11.jar:/Library/Java/JavaVirtualMachines/jdk1.8.0_45.jdk/Contents/Home/jre/lib/ext/zipfs.jar:/Library/Java/JavaVirtualMachines/jdk1.8.0_45.jdk/Contents/Home/jre/lib/javaws.jar:/Library/Java/JavaVirtualMachines/jdk1.8.0_45.jdk/Contents/Home/jre/lib/jce.jar:/Library/Java/JavaVirtualMachines/jdk1.8.0_45.jdk/Contents/Home/jre/lib/jfr.jar:/Library/Java/JavaVirtualMachines/jdk1.8.0_45.jdk/Contents/Home/jre/lib/jfxswt.jar:/Library/Java/JavaVirtualMachines/jdk1.8.0_45.jdk/Contents/Home/jre/lib/jsse.jar:/Library/Java/JavaVirtualMachines/jdk1.8.0_45.jdk/Contents/Home/jre/lib/management-agent.jar:/Library/Java/JavaVirtualMachines/jdk1.8.0_45.jdk/Contents/Home/jre/lib/plugin.jar:/Library/Java/JavaVirtualMachines/jdk1.8.0_45.jdk/Contents/Home/jre/lib/resources.jar:/Library/Java/JavaVirtualMachines/jdk1.8.0_45.jdk/Contents/Home/jre/lib/rt.jar:/Library/Java/JavaVirtualMachines/jdk1.8.0_45.jdk/Contents/Home/lib/ant-javafx.jar:/Library/Java/JavaVirtualMachines/jdk1.8.0_45.jdk/Contents/Home/lib/dt.jar:/Library/Java/JavaVirtualMachines/jdk1.8.0_45.jdk/Contents/Home/lib/javafx-mx.jar:/Library/Java/Jav
Launcher Type: SUN_STANDARD

Environment Variables:
PATH=/Applications/apache-maven-3.5.3/bin:/Users/micheletaranta/.nvm/versions/node/v9.11.1/bin:/Library/Frameworks/Python.framework/Versions/3.6/bin:/Library/Frameworks/Python.framework/Versions/3.6/bin:/Library/Frameworks/Python.framework/Versions/3.6/bin:/usr/local/bin:/usr/bin:/bin:/usr/sbin:/sbin:/opt/X11/bin:/usr/local/git/bin:/Library/TeX/texbin:/Applications/Wireshark.app/Contents/MacOS
SHELL=/bin/bash
DISPLAY=/private/tmp/com.apple.launchd.tqD3ZZw814/org.macosforge.xquartz:0

Signal Handlers:
SIGSEGV: [libjvm.dylib+0x58ef95], sa_mask[0]=11111111011111110111111111111111, sa_flags=SA_ONSTACK|SA_RESTART|SA_SIGINFO
SIGBUS: [libjvm.dylib+0x58ef95], sa_mask[0]=11111111011111110111111111111111, sa_flags=SA_RESTART|SA_SIGINFO
SIGFPE: [libjvm.dylib+0x46c108], sa_mask[0]=11111111011111110111111111111111, sa_flags=SA_RESTART|SA_SIGINFO
SIGPIPE: [libjvm.dylib+0x46c108], sa_mask[0]=11111111011111110111111111111111, sa_flags=SA_RESTART|SA_SIGINFO
SIGXFSZ: [libjvm.dylib+0x46c108], sa_mask[0]=11111111011111110111111111111111, sa_flags=SA_RESTART|SA_SIGINFO
SIGILL: [libjvm.dylib+0x46c108], sa_mask[0]=11111111011111110111111111111111, sa_flags=SA_RESTART|SA_SIGINFO
SIGUSR1: SIG_DFL, sa_mask[0]=00000000000000000000000000000000, sa_flags=none
SIGUSR2: [libjvm.dylib+0x46bc26], sa_mask[0]=00100000000000000000000000000000, sa_flags=SA_RESTART|SA_SIGINFO
SIGHUP: [libjvm.dylib+0x46a1f9], sa_mask[0]=11111111011111110111111111111111, sa_flags=SA_RESTART|SA_SIGINFO
SIGINT: [libjvm.dylib+0x46a1f9], sa_mask[0]=11111111011111110111111111111111, sa_flags=SA_RESTART|SA_SIGINFO
SIGTERM: [libjvm.dylib+0x46a1f9], sa_mask[0]=11111111011111110111111111111111, sa_flags=SA_RESTART|SA_SIGINFO
SIGQUIT: [libjvm.dylib+0x46a1f9], sa_mask[0]=11111111011111110111111111111111, sa_flags=SA_RESTART|SA_SIGINFO


---------------  S Y S T E M  ---------------

OS:Bsduname:Darwin 16.7.0 Darwin Kernel Version 16.7.0: Thu Jun 15 17:36:27 PDT 2017; root:xnu-3789.70.16~2/RELEASE_X86_64 x86_64
rlimit: STACK 8192k, CORE 0k, NPROC 709, NOFILE 10240, AS infinity
load average:2.00 2.02 2.10

CPU:total 8 (4 cores per cpu, 2 threads per core) family 6 model 70 stepping 1, cmov, cx8, fxsr, mmx, sse, sse2, sse3, ssse3, sse4.1, sse4.2, popcnt, avx, avx2, aes, clmul, erms, lzcnt, ht, tsc, tscinvbit, bmi1, bmi2

Memory: 4k page, physical 16777216k(3848204k free)

/proc/meminfo:


vm_info: Java HotSpot(TM) 64-Bit Server VM (25.45-b02) for bsd-amd64 JRE (1.8.0_45-b14), built on Apr 10 2015 10:46:38 by "java_re" with gcc 4.2.1 (Based on Apple Inc. build 5658) (LLVM build 2336.11.00)

time: Thu Aug 23 18:11:23 2018
elapsed time: 37 seconds (0d 0h 0m 37s)

